<?xml version="1.0" encoding="UTF-8"?>
<!-- Generated by org.testng.reporters.JUnitReportReporter -->
<testsuite hostname="HP_Pavilion" failures="0" tests="8" name="testCases.TS_05_AddToCartPage" time="5.426" errors="0" timestamp="2025-07-29T22:29:15 IST" skipped="0">
  <testcase classname="testCases.TS_05_AddToCartPage" name="Product_Name_Validation" time="0.337"/>
  <system-out/>
  <testcase classname="testCases.TS_05_AddToCartPage" name="Product_PRICE_Validation" time="0.047"/>
  <system-out/>
  <testcase classname="testCases.TS_05_AddToCartPage" name="Pincode_Selection" time="0.468"/>
  <system-out/>
  <testcase classname="testCases.TS_05_AddToCartPage" name="Date_Selection" time="3.318"/>
  <system-out/>
  <testcase classname="testCases.TS_05_AddToCartPage" name="time_Selection" time="0.268"/>
  <system-out/>
  <testcase classname="testCases.TS_05_AddToCartPage" name="PersonalizedText_Selection" time="0.270"/>
  <system-out/>
  <testcase classname="testCases.TS_05_AddToCartPage" name="imageValidation" time="0.173"/>
  <system-out/>
  <testcase classname="testCases.TS_05_AddToCartPage" name="AddToCartSeection" time="0.545"/>
  <system-out/>
</testsuite> <!-- testCases.TS_05_AddToCartPage -->
