<?xml version="1.0" encoding="UTF-8"?>
<!-- Generated by org.testng.reporters.JUnitReportReporter -->
<testsuite hostname="HP_Pavilion" failures="0" tests="4" name="testCases.TS_01_HomePage" time="208.015" errors="0" timestamp="2025-07-29T22:29:15 IST" skipped="0">
  <testcase classname="testCases.TS_01_HomePage" name="popup" time="0.455"/>
  <system-out/>
  <testcase classname="testCases.TS_01_HomePage" name="titleValidation" time="0.024"/>
  <system-out/>
  <testcase classname="testCases.TS_01_HomePage" name="verifyPageLoadsSuccessfully" time="0.177"/>
  <system-out/>
  <testcase classname="testCases.TS_01_HomePage" name="MenuVAlidation" time="207.359"/>
  <system-out/>
</testsuite> <!-- testCases.TS_01_HomePage -->
