<?xml version="1.0" encoding="UTF-8"?>
<!-- Generated by org.testng.reporters.JUnitReportReporter -->
<testsuite hostname="HP_Pavilion" failures="0" tests="1" name="testCases.TS_02_SearchPage" time="4.793" errors="0" timestamp="2025-07-29T22:29:15 IST" skipped="0">
  <testcase classname="testCases.TS_02_SearchPage" name="searching" time="4.793"/>
  <system-out/>
</testsuite> <!-- testCases.TS_02_SearchPage -->
