<?xml version="1.0" encoding="UTF-8"?>
<!-- Generated by org.testng.reporters.JUnitReportReporter -->
<testsuite hostname="HP_Pavilion" failures="0" tests="2" name="testCases.TS_03_Sorting" time="10.259" errors="0" timestamp="2025-07-29T22:29:15 IST" skipped="0">
  <testcase classname="testCases.TS_03_Sorting" name="apply_filters" time="8.616"/>
  <system-out/>
  <testcase classname="testCases.TS_03_Sorting" name="isSorted" time="1.643"/>
  <system-out/>
</testsuite> <!-- testCases.TS_03_Sorting -->
